0 info it worked if it ends with ok
1 verbose cli [ 'C:\\Program Files\\nodejs\\\\node.exe',
1 verbose cli   'C:\\Program Files\\nodejs\\node_modules\\npm\\bin\\npm-cli.js',
1 verbose cli   'install' ]
2 info using npm@1.4.28
3 info using node@v0.10.33
4 verbose node symlink C:\Program Files\nodejs\\node.exe
5 verbose readDependencies using package.json deps
6 verbose install where, deps [ 'C:\\Users\\Nicolas\\Desktop\\MarssengerServer\\Server',
6 verbose install   [ 'express',
6 verbose install     'body-parser',
6 verbose install     'jade',
6 verbose install     'mongodb',
6 verbose install     'node-gcm',
6 verbose install     'mongoskin',
6 verbose install     'morgan',
6 verbose install     'debug',
6 verbose install     'serve-favicon',
6 verbose install     'twilio',
6 verbose install     'request',
6 verbose install     'stylus',
6 verbose install     'nib',
6 verbose install     'bootstrap-material-design' ] ]
7 info preinstall Marssenger@0.0.1
8 warn package.json sys@0.0.1 No repository field.
9 warn package.json sys@0.0.1 No README data
10 verbose readDependencies using package.json deps
11 verbose cache add [ 'express@latest', null ]
12 verbose cache add name=undefined spec="express@latest" args=["express@latest",null]
13 verbose parsed url { protocol: null,
13 verbose parsed url   slashes: null,
13 verbose parsed url   auth: null,
13 verbose parsed url   host: null,
13 verbose parsed url   port: null,
13 verbose parsed url   hostname: null,
13 verbose parsed url   hash: null,
13 verbose parsed url   search: null,
13 verbose parsed url   query: null,
13 verbose parsed url   pathname: 'express@latest',
13 verbose parsed url   path: 'express@latest',
13 verbose parsed url   href: 'express@latest' }
14 verbose cache add [ 'body-parser@latest', null ]
15 verbose cache add name=undefined spec="body-parser@latest" args=["body-parser@latest",null]
16 verbose parsed url { protocol: null,
16 verbose parsed url   slashes: null,
16 verbose parsed url   auth: null,
16 verbose parsed url   host: null,
16 verbose parsed url   port: null,
16 verbose parsed url   hostname: null,
16 verbose parsed url   hash: null,
16 verbose parsed url   search: null,
16 verbose parsed url   query: null,
16 verbose parsed url   pathname: 'body-parser@latest',
16 verbose parsed url   path: 'body-parser@latest',
16 verbose parsed url   href: 'body-parser@latest' }
17 verbose cache add [ 'jade@latest', null ]
18 verbose cache add name=undefined spec="jade@latest" args=["jade@latest",null]
19 verbose parsed url { protocol: null,
19 verbose parsed url   slashes: null,
19 verbose parsed url   auth: null,
19 verbose parsed url   host: null,
19 verbose parsed url   port: null,
19 verbose parsed url   hostname: null,
19 verbose parsed url   hash: null,
19 verbose parsed url   search: null,
19 verbose parsed url   query: null,
19 verbose parsed url   pathname: 'jade@latest',
19 verbose parsed url   path: 'jade@latest',
19 verbose parsed url   href: 'jade@latest' }
20 verbose cache add name="express" spec="latest" args=["express","latest"]
21 verbose parsed url { protocol: null,
21 verbose parsed url   slashes: null,
21 verbose parsed url   auth: null,
21 verbose parsed url   host: null,
21 verbose parsed url   port: null,
21 verbose parsed url   hostname: null,
21 verbose parsed url   hash: null,
21 verbose parsed url   search: null,
21 verbose parsed url   query: null,
21 verbose parsed url   pathname: 'latest',
21 verbose parsed url   path: 'latest',
21 verbose parsed url   href: 'latest' }
22 verbose addNamed [ 'express', 'latest' ]
23 verbose addNamed [ null, null ]
24 verbose cache add name="body-parser" spec="latest" args=["body-parser","latest"]
25 verbose parsed url { protocol: null,
25 verbose parsed url   slashes: null,
25 verbose parsed url   auth: null,
25 verbose parsed url   host: null,
25 verbose parsed url   port: null,
25 verbose parsed url   hostname: null,
25 verbose parsed url   hash: null,
25 verbose parsed url   search: null,
25 verbose parsed url   query: null,
25 verbose parsed url   pathname: 'latest',
25 verbose parsed url   path: 'latest',
25 verbose parsed url   href: 'latest' }
26 verbose addNamed [ 'body-parser', 'latest' ]
27 verbose addNamed [ null, null ]
28 verbose cache add name="jade" spec="latest" args=["jade","latest"]
29 verbose parsed url { protocol: null,
29 verbose parsed url   slashes: null,
29 verbose parsed url   auth: null,
29 verbose parsed url   host: null,
29 verbose parsed url   port: null,
29 verbose parsed url   hostname: null,
29 verbose parsed url   hash: null,
29 verbose parsed url   search: null,
29 verbose parsed url   query: null,
29 verbose parsed url   pathname: 'latest',
29 verbose parsed url   path: 'latest',
29 verbose parsed url   href: 'latest' }
30 verbose addNamed [ 'jade', 'latest' ]
31 verbose addNamed [ null, null ]
32 silly lockFile c30a01ab-express-latest express@latest
33 verbose lock express@latest C:\Users\Nicolas\AppData\Roaming\npm-cache\c30a01ab-express-latest.lock
34 silly lockFile 88319797-body-parser-latest body-parser@latest
35 verbose lock body-parser@latest C:\Users\Nicolas\AppData\Roaming\npm-cache\88319797-body-parser-latest.lock
36 silly lockFile 50c7aeb0-jade-latest jade@latest
37 verbose lock jade@latest C:\Users\Nicolas\AppData\Roaming\npm-cache\50c7aeb0-jade-latest.lock
38 info addNameTag [ 'express', 'latest' ]
39 info addNameTag [ 'body-parser', 'latest' ]
40 verbose cache add [ 'mongodb@latest', null ]
41 verbose cache add name=undefined spec="mongodb@latest" args=["mongodb@latest",null]
42 verbose parsed url { protocol: null,
42 verbose parsed url   slashes: null,
42 verbose parsed url   auth: null,
42 verbose parsed url   host: null,
42 verbose parsed url   port: null,
42 verbose parsed url   hostname: null,
42 verbose parsed url   hash: null,
42 verbose parsed url   search: null,
42 verbose parsed url   query: null,
42 verbose parsed url   pathname: 'mongodb@latest',
42 verbose parsed url   path: 'mongodb@latest',
42 verbose parsed url   href: 'mongodb@latest' }
43 verbose cache add [ 'node-gcm@latest', null ]
44 verbose cache add name=undefined spec="node-gcm@latest" args=["node-gcm@latest",null]
45 verbose parsed url { protocol: null,
45 verbose parsed url   slashes: null,
45 verbose parsed url   auth: null,
45 verbose parsed url   host: null,
45 verbose parsed url   port: null,
45 verbose parsed url   hostname: null,
45 verbose parsed url   hash: null,
45 verbose parsed url   search: null,
45 verbose parsed url   query: null,
45 verbose parsed url   pathname: 'node-gcm@latest',
45 verbose parsed url   path: 'node-gcm@latest',
45 verbose parsed url   href: 'node-gcm@latest' }
46 verbose cache add [ 'mongoskin@latest', null ]
47 verbose cache add name=undefined spec="mongoskin@latest" args=["mongoskin@latest",null]
48 verbose parsed url { protocol: null,
48 verbose parsed url   slashes: null,
48 verbose parsed url   auth: null,
48 verbose parsed url   host: null,
48 verbose parsed url   port: null,
48 verbose parsed url   hostname: null,
48 verbose parsed url   hash: null,
48 verbose parsed url   search: null,
48 verbose parsed url   query: null,
48 verbose parsed url   pathname: 'mongoskin@latest',
48 verbose parsed url   path: 'mongoskin@latest',
48 verbose parsed url   href: 'mongoskin@latest' }
49 verbose cache add [ 'morgan@latest', null ]
50 verbose cache add name=undefined spec="morgan@latest" args=["morgan@latest",null]
51 verbose parsed url { protocol: null,
51 verbose parsed url   slashes: null,
51 verbose parsed url   auth: null,
51 verbose parsed url   host: null,
51 verbose parsed url   port: null,
51 verbose parsed url   hostname: null,
51 verbose parsed url   hash: null,
51 verbose parsed url   search: null,
51 verbose parsed url   query: null,
51 verbose parsed url   pathname: 'morgan@latest',
51 verbose parsed url   path: 'morgan@latest',
51 verbose parsed url   href: 'morgan@latest' }
52 verbose cache add [ 'debug@latest', null ]
53 verbose cache add name=undefined spec="debug@latest" args=["debug@latest",null]
54 verbose parsed url { protocol: null,
54 verbose parsed url   slashes: null,
54 verbose parsed url   auth: null,
54 verbose parsed url   host: null,
54 verbose parsed url   port: null,
54 verbose parsed url   hostname: null,
54 verbose parsed url   hash: null,
54 verbose parsed url   search: null,
54 verbose parsed url   query: null,
54 verbose parsed url   pathname: 'debug@latest',
54 verbose parsed url   path: 'debug@latest',
54 verbose parsed url   href: 'debug@latest' }
55 verbose cache add [ 'serve-favicon@latest', null ]
56 verbose cache add name=undefined spec="serve-favicon@latest" args=["serve-favicon@latest",null]
57 verbose parsed url { protocol: null,
57 verbose parsed url   slashes: null,
57 verbose parsed url   auth: null,
57 verbose parsed url   host: null,
57 verbose parsed url   port: null,
57 verbose parsed url   hostname: null,
57 verbose parsed url   hash: null,
57 verbose parsed url   search: null,
57 verbose parsed url   query: null,
57 verbose parsed url   pathname: 'serve-favicon@latest',
57 verbose parsed url   path: 'serve-favicon@latest',
57 verbose parsed url   href: 'serve-favicon@latest' }
58 verbose cache add [ 'twilio@latest', null ]
59 verbose cache add name=undefined spec="twilio@latest" args=["twilio@latest",null]
60 verbose parsed url { protocol: null,
60 verbose parsed url   slashes: null,
60 verbose parsed url   auth: null,
60 verbose parsed url   host: null,
60 verbose parsed url   port: null,
60 verbose parsed url   hostname: null,
60 verbose parsed url   hash: null,
60 verbose parsed url   search: null,
60 verbose parsed url   query: null,
60 verbose parsed url   pathname: 'twilio@latest',
60 verbose parsed url   path: 'twilio@latest',
60 verbose parsed url   href: 'twilio@latest' }
61 verbose cache add [ 'request@latest', null ]
62 verbose cache add name=undefined spec="request@latest" args=["request@latest",null]
63 verbose parsed url { protocol: null,
63 verbose parsed url   slashes: null,
63 verbose parsed url   auth: null,
63 verbose parsed url   host: null,
63 verbose parsed url   port: null,
63 verbose parsed url   hostname: null,
63 verbose parsed url   hash: null,
63 verbose parsed url   search: null,
63 verbose parsed url   query: null,
63 verbose parsed url   pathname: 'request@latest',
63 verbose parsed url   path: 'request@latest',
63 verbose parsed url   href: 'request@latest' }
64 verbose cache add [ 'stylus@latest', null ]
65 verbose cache add name=undefined spec="stylus@latest" args=["stylus@latest",null]
66 verbose parsed url { protocol: null,
66 verbose parsed url   slashes: null,
66 verbose parsed url   auth: null,
66 verbose parsed url   host: null,
66 verbose parsed url   port: null,
66 verbose parsed url   hostname: null,
66 verbose parsed url   hash: null,
66 verbose parsed url   search: null,
66 verbose parsed url   query: null,
66 verbose parsed url   pathname: 'stylus@latest',
66 verbose parsed url   path: 'stylus@latest',
66 verbose parsed url   href: 'stylus@latest' }
67 verbose cache add [ 'nib@latest', null ]
68 verbose cache add name=undefined spec="nib@latest" args=["nib@latest",null]
69 verbose parsed url { protocol: null,
69 verbose parsed url   slashes: null,
69 verbose parsed url   auth: null,
69 verbose parsed url   host: null,
69 verbose parsed url   port: null,
69 verbose parsed url   hostname: null,
69 verbose parsed url   hash: null,
69 verbose parsed url   search: null,
69 verbose parsed url   query: null,
69 verbose parsed url   pathname: 'nib@latest',
69 verbose parsed url   path: 'nib@latest',
69 verbose parsed url   href: 'nib@latest' }
70 verbose cache add [ 'bootstrap-material-design@latest', null ]
71 verbose cache add name=undefined spec="bootstrap-material-design@latest" args=["bootstrap-material-design@latest",null]
72 verbose parsed url { protocol: null,
72 verbose parsed url   slashes: null,
72 verbose parsed url   auth: null,
72 verbose parsed url   host: null,
72 verbose parsed url   port: null,
72 verbose parsed url   hostname: null,
72 verbose parsed url   hash: null,
72 verbose parsed url   search: null,
72 verbose parsed url   query: null,
72 verbose parsed url   pathname: 'bootstrap-material-design@latest',
72 verbose parsed url   path: 'bootstrap-material-design@latest',
72 verbose parsed url   href: 'bootstrap-material-design@latest' }
73 info addNameTag [ 'jade', 'latest' ]
74 verbose cache add name="mongodb" spec="latest" args=["mongodb","latest"]
75 verbose parsed url { protocol: null,
75 verbose parsed url   slashes: null,
75 verbose parsed url   auth: null,
75 verbose parsed url   host: null,
75 verbose parsed url   port: null,
75 verbose parsed url   hostname: null,
75 verbose parsed url   hash: null,
75 verbose parsed url   search: null,
75 verbose parsed url   query: null,
75 verbose parsed url   pathname: 'latest',
75 verbose parsed url   path: 'latest',
75 verbose parsed url   href: 'latest' }
76 verbose addNamed [ 'mongodb', 'latest' ]
77 verbose addNamed [ null, null ]
78 silly lockFile d3746d4c-mongodb-latest mongodb@latest
79 verbose lock mongodb@latest C:\Users\Nicolas\AppData\Roaming\npm-cache\d3746d4c-mongodb-latest.lock
80 verbose cache add name="node-gcm" spec="latest" args=["node-gcm","latest"]
81 verbose parsed url { protocol: null,
81 verbose parsed url   slashes: null,
81 verbose parsed url   auth: null,
81 verbose parsed url   host: null,
81 verbose parsed url   port: null,
81 verbose parsed url   hostname: null,
81 verbose parsed url   hash: null,
81 verbose parsed url   search: null,
81 verbose parsed url   query: null,
81 verbose parsed url   pathname: 'latest',
81 verbose parsed url   path: 'latest',
81 verbose parsed url   href: 'latest' }
82 verbose addNamed [ 'node-gcm', 'latest' ]
83 verbose addNamed [ null, null ]
84 silly lockFile 0a6a4237-node-gcm-latest node-gcm@latest
85 verbose lock node-gcm@latest C:\Users\Nicolas\AppData\Roaming\npm-cache\0a6a4237-node-gcm-latest.lock
86 verbose cache add name="mongoskin" spec="latest" args=["mongoskin","latest"]
87 verbose parsed url { protocol: null,
87 verbose parsed url   slashes: null,
87 verbose parsed url   auth: null,
87 verbose parsed url   host: null,
87 verbose parsed url   port: null,
87 verbose parsed url   hostname: null,
87 verbose parsed url   hash: null,
87 verbose parsed url   search: null,
87 verbose parsed url   query: null,
87 verbose parsed url   pathname: 'latest',
87 verbose parsed url   path: 'latest',
87 verbose parsed url   href: 'latest' }
88 verbose addNamed [ 'mongoskin', 'latest' ]
89 verbose addNamed [ null, null ]
90 silly lockFile 2c5fce5e-mongoskin-latest mongoskin@latest
91 verbose lock mongoskin@latest C:\Users\Nicolas\AppData\Roaming\npm-cache\2c5fce5e-mongoskin-latest.lock
92 verbose cache add name="morgan" spec="latest" args=["morgan","latest"]
93 verbose parsed url { protocol: null,
93 verbose parsed url   slashes: null,
93 verbose parsed url   auth: null,
93 verbose parsed url   host: null,
93 verbose parsed url   port: null,
93 verbose parsed url   hostname: null,
93 verbose parsed url   hash: null,
93 verbose parsed url   search: null,
93 verbose parsed url   query: null,
93 verbose parsed url   pathname: 'latest',
93 verbose parsed url   path: 'latest',
93 verbose parsed url   href: 'latest' }
94 verbose addNamed [ 'morgan', 'latest' ]
95 verbose addNamed [ null, null ]
96 silly lockFile d2a09fff-morgan-latest morgan@latest
97 verbose lock morgan@latest C:\Users\Nicolas\AppData\Roaming\npm-cache\d2a09fff-morgan-latest.lock
98 verbose cache add name="debug" spec="latest" args=["debug","latest"]
99 verbose parsed url { protocol: null,
99 verbose parsed url   slashes: null,
99 verbose parsed url   auth: null,
99 verbose parsed url   host: null,
99 verbose parsed url   port: null,
99 verbose parsed url   hostname: null,
99 verbose parsed url   hash: null,
99 verbose parsed url   search: null,
99 verbose parsed url   query: null,
99 verbose parsed url   pathname: 'latest',
99 verbose parsed url   path: 'latest',
99 verbose parsed url   href: 'latest' }
100 verbose addNamed [ 'debug', 'latest' ]
101 verbose addNamed [ null, null ]
102 silly lockFile 2281a8d9-debug-latest debug@latest
103 verbose lock debug@latest C:\Users\Nicolas\AppData\Roaming\npm-cache\2281a8d9-debug-latest.lock
104 verbose cache add name="serve-favicon" spec="latest" args=["serve-favicon","latest"]
105 verbose parsed url { protocol: null,
105 verbose parsed url   slashes: null,
105 verbose parsed url   auth: null,
105 verbose parsed url   host: null,
105 verbose parsed url   port: null,
105 verbose parsed url   hostname: null,
105 verbose parsed url   hash: null,
105 verbose parsed url   search: null,
105 verbose parsed url   query: null,
105 verbose parsed url   pathname: 'latest',
105 verbose parsed url   path: 'latest',
105 verbose parsed url   href: 'latest' }
106 verbose addNamed [ 'serve-favicon', 'latest' ]
107 verbose addNamed [ null, null ]
108 silly lockFile 690db6aa-serve-favicon-latest serve-favicon@latest
109 verbose lock serve-favicon@latest C:\Users\Nicolas\AppData\Roaming\npm-cache\690db6aa-serve-favicon-latest.lock
110 verbose cache add name="twilio" spec="latest" args=["twilio","latest"]
111 verbose parsed url { protocol: null,
111 verbose parsed url   slashes: null,
111 verbose parsed url   auth: null,
111 verbose parsed url   host: null,
111 verbose parsed url   port: null,
111 verbose parsed url   hostname: null,
111 verbose parsed url   hash: null,
111 verbose parsed url   search: null,
111 verbose parsed url   query: null,
111 verbose parsed url   pathname: 'latest',
111 verbose parsed url   path: 'latest',
111 verbose parsed url   href: 'latest' }
112 verbose addNamed [ 'twilio', 'latest' ]
113 verbose addNamed [ null, null ]
114 silly lockFile c8a1711b-twilio-latest twilio@latest
115 verbose lock twilio@latest C:\Users\Nicolas\AppData\Roaming\npm-cache\c8a1711b-twilio-latest.lock
116 verbose cache add name="request" spec="latest" args=["request","latest"]
117 verbose parsed url { protocol: null,
117 verbose parsed url   slashes: null,
117 verbose parsed url   auth: null,
117 verbose parsed url   host: null,
117 verbose parsed url   port: null,
117 verbose parsed url   hostname: null,
117 verbose parsed url   hash: null,
117 verbose parsed url   search: null,
117 verbose parsed url   query: null,
117 verbose parsed url   pathname: 'latest',
117 verbose parsed url   path: 'latest',
117 verbose parsed url   href: 'latest' }
118 verbose addNamed [ 'request', 'latest' ]
119 verbose addNamed [ null, null ]
120 silly lockFile 5da6dfb1-request-latest request@latest
121 verbose lock request@latest C:\Users\Nicolas\AppData\Roaming\npm-cache\5da6dfb1-request-latest.lock
122 verbose cache add name="stylus" spec="latest" args=["stylus","latest"]
123 verbose parsed url { protocol: null,
123 verbose parsed url   slashes: null,
123 verbose parsed url   auth: null,
123 verbose parsed url   host: null,
123 verbose parsed url   port: null,
123 verbose parsed url   hostname: null,
123 verbose parsed url   hash: null,
123 verbose parsed url   search: null,
123 verbose parsed url   query: null,
123 verbose parsed url   pathname: 'latest',
123 verbose parsed url   path: 'latest',
123 verbose parsed url   href: 'latest' }
124 verbose addNamed [ 'stylus', 'latest' ]
125 verbose addNamed [ null, null ]
126 silly lockFile 4c4fcc46-stylus-latest stylus@latest
127 verbose lock stylus@latest C:\Users\Nicolas\AppData\Roaming\npm-cache\4c4fcc46-stylus-latest.lock
128 verbose cache add name="nib" spec="latest" args=["nib","latest"]
129 verbose parsed url { protocol: null,
129 verbose parsed url   slashes: null,
129 verbose parsed url   auth: null,
129 verbose parsed url   host: null,
129 verbose parsed url   port: null,
129 verbose parsed url   hostname: null,
129 verbose parsed url   hash: null,
129 verbose parsed url   search: null,
129 verbose parsed url   query: null,
129 verbose parsed url   pathname: 'latest',
129 verbose parsed url   path: 'latest',
129 verbose parsed url   href: 'latest' }
130 verbose addNamed [ 'nib', 'latest' ]
131 verbose addNamed [ null, null ]
132 silly lockFile de21287c-nib-latest nib@latest
133 verbose lock nib@latest C:\Users\Nicolas\AppData\Roaming\npm-cache\de21287c-nib-latest.lock
134 verbose cache add name="bootstrap-material-design" spec="latest" args=["bootstrap-material-design","latest"]
135 verbose parsed url { protocol: null,
135 verbose parsed url   slashes: null,
135 verbose parsed url   auth: null,
135 verbose parsed url   host: null,
135 verbose parsed url   port: null,
135 verbose parsed url   hostname: null,
135 verbose parsed url   hash: null,
135 verbose parsed url   search: null,
135 verbose parsed url   query: null,
135 verbose parsed url   pathname: 'latest',
135 verbose parsed url   path: 'latest',
135 verbose parsed url   href: 'latest' }
136 verbose addNamed [ 'bootstrap-material-design', 'latest' ]
137 verbose addNamed [ null, null ]
138 silly lockFile 1822b778-bootstrap-material-design-latest bootstrap-material-design@latest
139 verbose lock bootstrap-material-design@latest C:\Users\Nicolas\AppData\Roaming\npm-cache\1822b778-bootstrap-material-design-latest.lock
140 info addNameTag [ 'mongodb', 'latest' ]
141 info addNameTag [ 'node-gcm', 'latest' ]
142 verbose request where is /express
143 verbose request registry https://registry.npmjs.org/
144 verbose request id bfe0c3858e9f8948
145 verbose url raw /express
146 verbose url resolving [ 'https://registry.npmjs.org/', './express' ]
147 verbose url resolved https://registry.npmjs.org/express
148 verbose request where is https://registry.npmjs.org/express
149 info trying registry request attempt 1 at 20:43:38
150 verbose etag "2O5ZSY6311N2OXO3ZIMIJQ8M3"
151 http GET https://registry.npmjs.org/express
152 verbose request where is /body-parser
153 verbose request registry https://registry.npmjs.org/
154 verbose url raw /body-parser
155 verbose url resolving [ 'https://registry.npmjs.org/', './body-parser' ]
156 verbose url resolved https://registry.npmjs.org/body-parser
157 verbose request where is https://registry.npmjs.org/body-parser
158 info trying registry request attempt 1 at 20:43:38
159 verbose etag "9MHVPU6W9IETZ0DP1917REV2O"
160 http GET https://registry.npmjs.org/body-parser
161 verbose request where is /jade
162 verbose request registry https://registry.npmjs.org/
163 verbose url raw /jade
164 verbose url resolving [ 'https://registry.npmjs.org/', './jade' ]
165 verbose url resolved https://registry.npmjs.org/jade
166 verbose request where is https://registry.npmjs.org/jade
167 info trying registry request attempt 1 at 20:43:38
168 verbose etag "DKT06S9LN5NYM5EAFRMRU3HI6"
169 http GET https://registry.npmjs.org/jade
170 info addNameTag [ 'bootstrap-material-design', 'latest' ]
171 info addNameTag [ 'serve-favicon', 'latest' ]
172 info addNameTag [ 'morgan', 'latest' ]
173 info addNameTag [ 'mongoskin', 'latest' ]
174 info addNameTag [ 'twilio', 'latest' ]
175 info addNameTag [ 'nib', 'latest' ]
176 info addNameTag [ 'request', 'latest' ]
177 info addNameTag [ 'stylus', 'latest' ]
178 info addNameTag [ 'debug', 'latest' ]
179 verbose request where is /bootstrap-material-design
180 verbose request registry https://registry.npmjs.org/
181 verbose url raw /bootstrap-material-design
182 verbose url resolving [ 'https://registry.npmjs.org/', './bootstrap-material-design' ]
183 verbose url resolved https://registry.npmjs.org/bootstrap-material-design
184 verbose request where is https://registry.npmjs.org/bootstrap-material-design
185 info trying registry request attempt 1 at 20:43:38
186 http GET https://registry.npmjs.org/bootstrap-material-design
187 verbose request where is /request
188 verbose request registry https://registry.npmjs.org/
189 verbose url raw /request
190 verbose url resolving [ 'https://registry.npmjs.org/', './request' ]
191 verbose url resolved https://registry.npmjs.org/request
192 verbose request where is https://registry.npmjs.org/request
193 info trying registry request attempt 1 at 20:43:38
194 verbose etag "BEAKLQ8NX3OA7QR92QL8M1WUA"
195 http GET https://registry.npmjs.org/request
196 verbose request where is /stylus
197 verbose request registry https://registry.npmjs.org/
198 verbose url raw /stylus
199 verbose url resolving [ 'https://registry.npmjs.org/', './stylus' ]
200 verbose url resolved https://registry.npmjs.org/stylus
201 verbose request where is https://registry.npmjs.org/stylus
202 info trying registry request attempt 1 at 20:43:38
203 verbose etag "1CW5C730KGDXFUHZ627TWR2LR"
204 http GET https://registry.npmjs.org/stylus
205 verbose request where is /serve-favicon
206 verbose request registry https://registry.npmjs.org/
207 verbose url raw /serve-favicon
208 verbose url resolving [ 'https://registry.npmjs.org/', './serve-favicon' ]
209 verbose url resolved https://registry.npmjs.org/serve-favicon
210 verbose request where is https://registry.npmjs.org/serve-favicon
211 info trying registry request attempt 1 at 20:43:38
212 verbose etag "EIEC7IL0VFE32KZZQS4PAX10Q"
213 http GET https://registry.npmjs.org/serve-favicon
214 verbose request where is /node-gcm
215 verbose request registry https://registry.npmjs.org/
216 verbose url raw /node-gcm
217 verbose url resolving [ 'https://registry.npmjs.org/', './node-gcm' ]
218 verbose url resolved https://registry.npmjs.org/node-gcm
219 verbose request where is https://registry.npmjs.org/node-gcm
220 info trying registry request attempt 1 at 20:43:38
221 verbose etag "EC7MZJVP61ZL96UMXXBAKQ1RM"
222 http GET https://registry.npmjs.org/node-gcm
223 verbose request where is /twilio
224 verbose request registry https://registry.npmjs.org/
225 verbose url raw /twilio
226 verbose url resolving [ 'https://registry.npmjs.org/', './twilio' ]
227 verbose url resolved https://registry.npmjs.org/twilio
228 verbose request where is https://registry.npmjs.org/twilio
229 info trying registry request attempt 1 at 20:43:38
230 verbose etag "8QLS5I30JY6HPYGZNL23WDANI"
231 http GET https://registry.npmjs.org/twilio
232 verbose request where is /debug
233 verbose request registry https://registry.npmjs.org/
234 verbose url raw /debug
235 verbose url resolving [ 'https://registry.npmjs.org/', './debug' ]
236 verbose url resolved https://registry.npmjs.org/debug
237 verbose request where is https://registry.npmjs.org/debug
238 info trying registry request attempt 1 at 20:43:38
239 verbose etag "AM6IU63IVLSJX8NMYD9LKC73J"
240 http GET https://registry.npmjs.org/debug
241 verbose request where is /nib
242 verbose request registry https://registry.npmjs.org/
243 verbose url raw /nib
244 verbose url resolving [ 'https://registry.npmjs.org/', './nib' ]
245 verbose url resolved https://registry.npmjs.org/nib
246 verbose request where is https://registry.npmjs.org/nib
247 info trying registry request attempt 1 at 20:43:38
248 verbose etag "1BYA68M644U6LXVV2NG9AQ9AW"
249 http GET https://registry.npmjs.org/nib
250 verbose request where is /mongodb
251 verbose request registry https://registry.npmjs.org/
252 verbose url raw /mongodb
253 verbose url resolving [ 'https://registry.npmjs.org/', './mongodb' ]
254 verbose url resolved https://registry.npmjs.org/mongodb
255 verbose request where is https://registry.npmjs.org/mongodb
256 info trying registry request attempt 1 at 20:43:38
257 verbose etag "89VYM6BUWBJN7R9E8I3AISFQW"
258 http GET https://registry.npmjs.org/mongodb
259 verbose request where is /morgan
260 verbose request registry https://registry.npmjs.org/
261 verbose url raw /morgan
262 verbose url resolving [ 'https://registry.npmjs.org/', './morgan' ]
263 verbose url resolved https://registry.npmjs.org/morgan
264 verbose request where is https://registry.npmjs.org/morgan
265 info trying registry request attempt 1 at 20:43:38
266 verbose etag "CR115L4DG8C6FLYOAK2G8JFTH"
267 http GET https://registry.npmjs.org/morgan
268 verbose request where is /mongoskin
269 verbose request registry https://registry.npmjs.org/
270 verbose url raw /mongoskin
271 verbose url resolving [ 'https://registry.npmjs.org/', './mongoskin' ]
272 verbose url resolved https://registry.npmjs.org/mongoskin
273 verbose request where is https://registry.npmjs.org/mongoskin
274 info trying registry request attempt 1 at 20:43:38
275 verbose etag "DQVVMMGQH971DYTYTSU5VJ6YQ"
276 http GET https://registry.npmjs.org/mongoskin
277 http 304 https://registry.npmjs.org/body-parser
278 silly registry.get cb [ 304,
278 silly registry.get   { date: 'Thu, 15 Jan 2015 19:43:43 GMT',
278 silly registry.get     server: 'Apache',
278 silly registry.get     via: '1.1 varnish',
278 silly registry.get     'last-modified': 'Thu, 15 Jan 2015 19:43:19 GMT',
278 silly registry.get     'cache-control': 'max-age=60',
278 silly registry.get     etag: '"9MHVPU6W9IETZ0DP1917REV2O"',
278 silly registry.get     age: '39',
278 silly registry.get     'x-served-by': 'cache-ams4126-AMS',
278 silly registry.get     'x-cache': 'HIT',
278 silly registry.get     'x-cache-hits': '3',
278 silly registry.get     'x-timer': 'S1421351023.211383,VS0,VE0',
278 silly registry.get     vary: 'Accept',
278 silly registry.get     'content-length': '0',
278 silly registry.get     'keep-alive': 'timeout=10, max=50',
278 silly registry.get     connection: 'Keep-Alive' } ]
279 verbose etag https://registry.npmjs.org/body-parser from cache
280 http 304 https://registry.npmjs.org/express
281 silly registry.get cb [ 304,
281 silly registry.get   { date: 'Thu, 15 Jan 2015 19:43:43 GMT',
281 silly registry.get     server: 'Apache',
281 silly registry.get     via: '1.1 varnish',
281 silly registry.get     'last-modified': 'Thu, 15 Jan 2015 19:43:43 GMT',
281 silly registry.get     'cache-control': 'max-age=60',
281 silly registry.get     etag: '"2O5ZSY6311N2OXO3ZIMIJQ8M3"',
281 silly registry.get     age: '19',
281 silly registry.get     'x-served-by': 'cache-ams4147-AMS',
281 silly registry.get     'x-cache': 'HIT',
281 silly registry.get     'x-cache-hits': '1',
281 silly registry.get     'x-timer': 'S1421351023.212841,VS0,VE3',
281 silly registry.get     vary: 'Accept',
281 silly registry.get     'content-length': '0',
281 silly registry.get     'keep-alive': 'timeout=10, max=50',
281 silly registry.get     connection: 'Keep-Alive' } ]
282 verbose etag https://registry.npmjs.org/express from cache
283 http 304 https://registry.npmjs.org/request
284 silly registry.get cb [ 304,
284 silly registry.get   { date: 'Thu, 15 Jan 2015 19:43:43 GMT',
284 silly registry.get     server: 'Apache',
284 silly registry.get     via: '1.1 varnish',
284 silly registry.get     'last-modified': 'Thu, 15 Jan 2015 19:43:43 GMT',
284 silly registry.get     'cache-control': 'max-age=60',
284 silly registry.get     etag: '"BEAKLQ8NX3OA7QR92QL8M1WUA"',
284 silly registry.get     age: '12',
284 silly registry.get     'x-served-by': 'cache-ams4133-AMS',
284 silly registry.get     'x-cache': 'HIT',
284 silly registry.get     'x-cache-hits': '1',
284 silly registry.get     'x-timer': 'S1421351023.220205,VS0,VE1',
284 silly registry.get     vary: 'Accept',
284 silly registry.get     'content-length': '0',
284 silly registry.get     'keep-alive': 'timeout=10, max=50',
284 silly registry.get     connection: 'Keep-Alive' } ]
285 verbose etag https://registry.npmjs.org/request from cache
286 http 304 https://registry.npmjs.org/serve-favicon
287 silly registry.get cb [ 304,
287 silly registry.get   { date: 'Thu, 15 Jan 2015 19:43:43 GMT',
287 silly registry.get     server: 'Apache',
287 silly registry.get     via: '1.1 varnish',
287 silly registry.get     'last-modified': 'Thu, 15 Jan 2015 19:43:43 GMT',
287 silly registry.get     'cache-control': 'max-age=60',
287 silly registry.get     etag: '"EIEC7IL0VFE32KZZQS4PAX10Q"',
287 silly registry.get     age: '60',
287 silly registry.get     'x-served-by': 'cache-ams4147-AMS',
287 silly registry.get     'x-cache': 'HIT',
287 silly registry.get     'x-cache-hits': '1',
287 silly registry.get     'x-timer': 'S1421351023.252030,VS0,VE2',
287 silly registry.get     vary: 'Accept',
287 silly registry.get     'content-length': '0',
287 silly registry.get     'keep-alive': 'timeout=10, max=49',
287 silly registry.get     connection: 'Keep-Alive' } ]
288 verbose etag https://registry.npmjs.org/serve-favicon from cache
289 verbose addNamed [ 'body-parser', '1.10.1' ]
290 verbose addNamed [ '1.10.1', '1.10.1' ]
291 silly lockFile 0f993b18-body-parser-1-10-1 body-parser@1.10.1
292 verbose lock body-parser@1.10.1 C:\Users\Nicolas\AppData\Roaming\npm-cache\0f993b18-body-parser-1-10-1.lock
293 verbose addNamed [ 'serve-favicon', '2.2.0' ]
294 verbose addNamed [ '2.2.0', '2.2.0' ]
295 silly lockFile cef81d7c-serve-favicon-2-2-0 serve-favicon@2.2.0
296 verbose lock serve-favicon@2.2.0 C:\Users\Nicolas\AppData\Roaming\npm-cache\cef81d7c-serve-favicon-2-2-0.lock
297 verbose addNamed [ 'request', '2.51.0' ]
298 verbose addNamed [ '2.51.0', '2.51.0' ]
299 silly lockFile 85707acc-request-2-51-0 request@2.51.0
300 verbose lock request@2.51.0 C:\Users\Nicolas\AppData\Roaming\npm-cache\85707acc-request-2-51-0.lock
301 verbose addNamed [ 'express', '4.11.0' ]
302 verbose addNamed [ '4.11.0', '4.11.0' ]
303 silly lockFile d83478c8-express-4-11-0 express@4.11.0
304 verbose lock express@4.11.0 C:\Users\Nicolas\AppData\Roaming\npm-cache\d83478c8-express-4-11-0.lock
305 silly lockFile 0f993b18-body-parser-1-10-1 body-parser@1.10.1
306 silly lockFile 0f993b18-body-parser-1-10-1 body-parser@1.10.1
307 silly lockFile d83478c8-express-4-11-0 express@4.11.0
308 silly lockFile d83478c8-express-4-11-0 express@4.11.0
309 silly lockFile cef81d7c-serve-favicon-2-2-0 serve-favicon@2.2.0
310 silly lockFile cef81d7c-serve-favicon-2-2-0 serve-favicon@2.2.0
311 silly lockFile 88319797-body-parser-latest body-parser@latest
312 silly lockFile 88319797-body-parser-latest body-parser@latest
313 silly lockFile 85707acc-request-2-51-0 request@2.51.0
314 silly lockFile 85707acc-request-2-51-0 request@2.51.0
315 silly lockFile c30a01ab-express-latest express@latest
316 silly lockFile c30a01ab-express-latest express@latest
317 silly lockFile 690db6aa-serve-favicon-latest serve-favicon@latest
318 silly lockFile 690db6aa-serve-favicon-latest serve-favicon@latest
319 silly lockFile 5da6dfb1-request-latest request@latest
320 silly lockFile 5da6dfb1-request-latest request@latest
321 info already installed serve-favicon@2.2.0
322 info already installed express@4.11.0
323 info already installed body-parser@1.10.1
324 info already installed request@2.51.0
325 http 304 https://registry.npmjs.org/node-gcm
326 silly registry.get cb [ 304,
326 silly registry.get   { date: 'Thu, 15 Jan 2015 19:43:43 GMT',
326 silly registry.get     server: 'Apache',
326 silly registry.get     via: '1.1 varnish',
326 silly registry.get     'last-modified': 'Thu, 15 Jan 2015 19:43:43 GMT',
326 silly registry.get     'cache-control': 'max-age=60',
326 silly registry.get     etag: '"EC7MZJVP61ZL96UMXXBAKQ1RM"',
326 silly registry.get     age: '0',
326 silly registry.get     'x-served-by': 'cache-ams4133-AMS',
326 silly registry.get     'x-cache': 'HIT',
326 silly registry.get     'x-cache-hits': '1',
326 silly registry.get     'x-timer': 'S1421351023.255332,VS0,VE90',
326 silly registry.get     vary: 'Accept',
326 silly registry.get     'content-length': '0',
326 silly registry.get     'keep-alive': 'timeout=10, max=49',
326 silly registry.get     connection: 'Keep-Alive' } ]
327 verbose etag https://registry.npmjs.org/node-gcm from cache
328 verbose addNamed [ 'node-gcm', '0.9.12' ]
329 verbose addNamed [ '0.9.12', '0.9.12' ]
330 silly lockFile 298c0408-node-gcm-0-9-12 node-gcm@0.9.12
331 verbose lock node-gcm@0.9.12 C:\Users\Nicolas\AppData\Roaming\npm-cache\298c0408-node-gcm-0-9-12.lock
332 silly lockFile 298c0408-node-gcm-0-9-12 node-gcm@0.9.12
333 silly lockFile 298c0408-node-gcm-0-9-12 node-gcm@0.9.12
334 silly lockFile 0a6a4237-node-gcm-latest node-gcm@latest
335 silly lockFile 0a6a4237-node-gcm-latest node-gcm@latest
336 info already installed node-gcm@0.9.12
337 http 304 https://registry.npmjs.org/debug
338 silly registry.get cb [ 304,
338 silly registry.get   { date: 'Thu, 15 Jan 2015 19:43:43 GMT',
338 silly registry.get     server: 'Apache',
338 silly registry.get     via: '1.1 varnish',
338 silly registry.get     'last-modified': 'Thu, 15 Jan 2015 19:43:43 GMT',
338 silly registry.get     'cache-control': 'max-age=60',
338 silly registry.get     etag: '"AM6IU63IVLSJX8NMYD9LKC73J"',
338 silly registry.get     age: '19',
338 silly registry.get     'x-served-by': 'cache-ams4133-AMS',
338 silly registry.get     'x-cache': 'HIT',
338 silly registry.get     'x-cache-hits': '1',
338 silly registry.get     'x-timer': 'S1421351023.375742,VS0,VE0',
338 silly registry.get     vary: 'Accept',
338 silly registry.get     'content-length': '0',
338 silly registry.get     'keep-alive': 'timeout=10, max=48',
338 silly registry.get     connection: 'Keep-Alive' } ]
339 verbose etag https://registry.npmjs.org/debug from cache
340 verbose addNamed [ 'debug', '2.1.1' ]
341 verbose addNamed [ '2.1.1', '2.1.1' ]
342 silly lockFile 656b33b7-debug-2-1-1 debug@2.1.1
343 verbose lock debug@2.1.1 C:\Users\Nicolas\AppData\Roaming\npm-cache\656b33b7-debug-2-1-1.lock
344 silly lockFile 656b33b7-debug-2-1-1 debug@2.1.1
345 silly lockFile 656b33b7-debug-2-1-1 debug@2.1.1
346 silly lockFile 2281a8d9-debug-latest debug@latest
347 silly lockFile 2281a8d9-debug-latest debug@latest
348 info already installed debug@2.1.1
349 http 304 https://registry.npmjs.org/jade
350 silly registry.get cb [ 304,
350 silly registry.get   { date: 'Thu, 15 Jan 2015 19:43:43 GMT',
350 silly registry.get     server: 'Apache',
350 silly registry.get     via: '1.1 varnish',
350 silly registry.get     'last-modified': 'Thu, 15 Jan 2015 19:43:43 GMT',
350 silly registry.get     'cache-control': 'max-age=60',
350 silly registry.get     etag: '"DKT06S9LN5NYM5EAFRMRU3HI6"',
350 silly registry.get     age: '0',
350 silly registry.get     'x-served-by': 'cache-ams4129-AMS',
350 silly registry.get     'x-cache': 'HIT',
350 silly registry.get     'x-cache-hits': '1',
350 silly registry.get     'x-timer': 'S1421351023.207187,VS0,VE379',
350 silly registry.get     vary: 'Accept',
350 silly registry.get     'content-length': '0',
350 silly registry.get     'keep-alive': 'timeout=10, max=50',
350 silly registry.get     connection: 'Keep-Alive' } ]
351 verbose etag https://registry.npmjs.org/jade from cache
352 verbose addNamed [ 'jade', '1.9.0' ]
353 verbose addNamed [ '1.9.0', '1.9.0' ]
354 silly lockFile 3f62c699-jade-1-9-0 jade@1.9.0
355 verbose lock jade@1.9.0 C:\Users\Nicolas\AppData\Roaming\npm-cache\3f62c699-jade-1-9-0.lock
356 silly lockFile 3f62c699-jade-1-9-0 jade@1.9.0
357 silly lockFile 3f62c699-jade-1-9-0 jade@1.9.0
358 silly lockFile 50c7aeb0-jade-latest jade@latest
359 silly lockFile 50c7aeb0-jade-latest jade@latest
360 http 304 https://registry.npmjs.org/mongodb
361 silly registry.get cb [ 304,
361 silly registry.get   { date: 'Thu, 15 Jan 2015 19:43:43 GMT',
361 silly registry.get     server: 'Apache',
361 silly registry.get     via: '1.1 varnish',
361 silly registry.get     'last-modified': 'Thu, 15 Jan 2015 19:43:43 GMT',
361 silly registry.get     'cache-control': 'max-age=60',
361 silly registry.get     etag: '"89VYM6BUWBJN7R9E8I3AISFQW"',
361 silly registry.get     age: '18',
361 silly registry.get     'x-served-by': 'cache-ams4129-AMS',
361 silly registry.get     'x-cache': 'HIT',
361 silly registry.get     'x-cache-hits': '1',
361 silly registry.get     'x-timer': 'S1421351023.618994,VS0,VE2',
361 silly registry.get     vary: 'Accept',
361 silly registry.get     'content-length': '0',
361 silly registry.get     'keep-alive': 'timeout=10, max=49',
361 silly registry.get     connection: 'Keep-Alive' } ]
362 verbose etag https://registry.npmjs.org/mongodb from cache
363 http 304 https://registry.npmjs.org/stylus
364 silly registry.get cb [ 304,
364 silly registry.get   { date: 'Thu, 15 Jan 2015 19:43:43 GMT',
364 silly registry.get     server: 'Apache',
364 silly registry.get     via: '1.1 varnish',
364 silly registry.get     'last-modified': 'Thu, 15 Jan 2015 19:43:43 GMT',
364 silly registry.get     'cache-control': 'max-age=60',
364 silly registry.get     etag: '"1CW5C730KGDXFUHZ627TWR2LR"',
364 silly registry.get     age: '0',
364 silly registry.get     'x-served-by': 'cache-ams4126-AMS',
364 silly registry.get     'x-cache': 'HIT',
364 silly registry.get     'x-cache-hits': '1',
364 silly registry.get     'x-timer': 'S1421351023.248016,VS0,VE380',
364 silly registry.get     vary: 'Accept',
364 silly registry.get     'content-length': '0',
364 silly registry.get     'keep-alive': 'timeout=10, max=49',
364 silly registry.get     connection: 'Keep-Alive' } ]
365 verbose etag https://registry.npmjs.org/stylus from cache
366 http 304 https://registry.npmjs.org/morgan
367 silly registry.get cb [ 304,
367 silly registry.get   { date: 'Thu, 15 Jan 2015 19:43:43 GMT',
367 silly registry.get     server: 'Apache',
367 silly registry.get     via: '1.1 varnish',
367 silly registry.get     'last-modified': 'Thu, 15 Jan 2015 19:43:43 GMT',
367 silly registry.get     'cache-control': 'max-age=60',
367 silly registry.get     etag: '"CR115L4DG8C6FLYOAK2G8JFTH"',
367 silly registry.get     age: '17',
367 silly registry.get     'x-served-by': 'cache-ams4129-AMS',
367 silly registry.get     'x-cache': 'HIT',
367 silly registry.get     'x-cache-hits': '1',
367 silly registry.get     'x-timer': 'S1421351023.653667,VS0,VE0',
367 silly registry.get     vary: 'Accept',
367 silly registry.get     'content-length': '0',
367 silly registry.get     'keep-alive': 'timeout=10, max=48',
367 silly registry.get     connection: 'Keep-Alive' } ]
368 verbose etag https://registry.npmjs.org/morgan from cache
369 info already installed jade@1.9.0
370 verbose addNamed [ 'morgan', '1.5.1' ]
371 verbose addNamed [ '1.5.1', '1.5.1' ]
372 silly lockFile 7ab299d0-morgan-1-5-1 morgan@1.5.1
373 verbose lock morgan@1.5.1 C:\Users\Nicolas\AppData\Roaming\npm-cache\7ab299d0-morgan-1-5-1.lock
374 verbose addNamed [ 'mongodb', '1.4.28' ]
375 verbose addNamed [ '1.4.28', '1.4.28' ]
376 silly lockFile 75809de0-mongodb-1-4-28 mongodb@1.4.28
377 verbose lock mongodb@1.4.28 C:\Users\Nicolas\AppData\Roaming\npm-cache\75809de0-mongodb-1-4-28.lock
378 verbose addNamed [ 'stylus', '0.49.3' ]
379 verbose addNamed [ '0.49.3', '0.49.3' ]
380 silly lockFile 8c45e69b-stylus-0-49-3 stylus@0.49.3
381 verbose lock stylus@0.49.3 C:\Users\Nicolas\AppData\Roaming\npm-cache\8c45e69b-stylus-0-49-3.lock
382 silly lockFile 7ab299d0-morgan-1-5-1 morgan@1.5.1
383 silly lockFile 7ab299d0-morgan-1-5-1 morgan@1.5.1
384 silly lockFile d2a09fff-morgan-latest morgan@latest
385 silly lockFile d2a09fff-morgan-latest morgan@latest
386 silly lockFile 75809de0-mongodb-1-4-28 mongodb@1.4.28
387 silly lockFile 75809de0-mongodb-1-4-28 mongodb@1.4.28
388 silly lockFile d3746d4c-mongodb-latest mongodb@latest
389 silly lockFile d3746d4c-mongodb-latest mongodb@latest
390 silly lockFile 8c45e69b-stylus-0-49-3 stylus@0.49.3
391 silly lockFile 8c45e69b-stylus-0-49-3 stylus@0.49.3
392 http 304 https://registry.npmjs.org/twilio
393 silly registry.get cb [ 304,
393 silly registry.get   { date: 'Thu, 15 Jan 2015 19:43:43 GMT',
393 silly registry.get     server: 'Apache',
393 silly registry.get     via: '1.1 varnish',
393 silly registry.get     'last-modified': 'Thu, 15 Jan 2015 19:43:43 GMT',
393 silly registry.get     'cache-control': 'max-age=60',
393 silly registry.get     etag: '"8QLS5I30JY6HPYGZNL23WDANI"',
393 silly registry.get     age: '0',
393 silly registry.get     'x-served-by': 'cache-ams4147-AMS',
393 silly registry.get     'x-cache': 'MISS',
393 silly registry.get     'x-cache-hits': '0',
393 silly registry.get     'x-timer': 'S1421351023.296216,VS0,VE377',
393 silly registry.get     vary: 'Accept',
393 silly registry.get     'content-length': '0',
393 silly registry.get     'keep-alive': 'timeout=10, max=48',
393 silly registry.get     connection: 'Keep-Alive' } ]
394 verbose etag https://registry.npmjs.org/twilio from cache
395 silly lockFile 4c4fcc46-stylus-latest stylus@latest
396 silly lockFile 4c4fcc46-stylus-latest stylus@latest
397 info already installed morgan@1.5.1
398 verbose addNamed [ 'twilio', '1.10.0' ]
399 verbose addNamed [ '1.10.0', '1.10.0' ]
400 silly lockFile da910332-twilio-1-10-0 twilio@1.10.0
401 verbose lock twilio@1.10.0 C:\Users\Nicolas\AppData\Roaming\npm-cache\da910332-twilio-1-10-0.lock
402 silly lockFile da910332-twilio-1-10-0 twilio@1.10.0
403 silly lockFile da910332-twilio-1-10-0 twilio@1.10.0
404 info already installed mongodb@1.4.28
405 info already installed stylus@0.49.3
406 silly lockFile c8a1711b-twilio-latest twilio@latest
407 silly lockFile c8a1711b-twilio-latest twilio@latest
408 info already installed twilio@1.10.0
409 http 404 https://registry.npmjs.org/bootstrap-material-design
410 verbose headers { date: 'Thu, 15 Jan 2015 19:43:43 GMT',
410 verbose headers   server: 'CouchDB/1.5.0 (Erlang OTP/R16B03)',
410 verbose headers   'content-type': 'application/json',
410 verbose headers   'cache-control': 'max-age=0',
410 verbose headers   'content-length': '52',
410 verbose headers   'accept-ranges': 'bytes',
410 verbose headers   via: '1.1 varnish',
410 verbose headers   age: '0',
410 verbose headers   'x-served-by': 'cache-ams4131-AMS',
410 verbose headers   'x-cache': 'MISS',
410 verbose headers   'x-cache-hits': '0',
410 verbose headers   'x-timer': 'S1421351023.203501,VS0,VE660',
410 verbose headers   'keep-alive': 'timeout=10, max=50',
410 verbose headers   connection: 'Keep-Alive' }
411 silly registry.get cb [ 404,
411 silly registry.get   { date: 'Thu, 15 Jan 2015 19:43:43 GMT',
411 silly registry.get     server: 'CouchDB/1.5.0 (Erlang OTP/R16B03)',
411 silly registry.get     'content-type': 'application/json',
411 silly registry.get     'cache-control': 'max-age=0',
411 silly registry.get     'content-length': '52',
411 silly registry.get     'accept-ranges': 'bytes',
411 silly registry.get     via: '1.1 varnish',
411 silly registry.get     age: '0',
411 silly registry.get     'x-served-by': 'cache-ams4131-AMS',
411 silly registry.get     'x-cache': 'MISS',
411 silly registry.get     'x-cache-hits': '0',
411 silly registry.get     'x-timer': 'S1421351023.203501,VS0,VE660',
411 silly registry.get     'keep-alive': 'timeout=10, max=50',
411 silly registry.get     connection: 'Keep-Alive' } ]
412 silly lockFile 1822b778-bootstrap-material-design-latest bootstrap-material-design@latest
413 silly lockFile 1822b778-bootstrap-material-design-latest bootstrap-material-design@latest
414 http 304 https://registry.npmjs.org/nib
415 silly registry.get cb [ 304,
415 silly registry.get   { date: 'Thu, 15 Jan 2015 19:43:43 GMT',
415 silly registry.get     server: 'Apache',
415 silly registry.get     via: '1.1 varnish',
415 silly registry.get     'last-modified': 'Thu, 15 Jan 2015 19:43:44 GMT',
415 silly registry.get     'cache-control': 'max-age=60',
415 silly registry.get     etag: '"1BYA68M644U6LXVV2NG9AQ9AW"',
415 silly registry.get     age: '0',
415 silly registry.get     'x-served-by': 'cache-ams4133-AMS',
415 silly registry.get     'x-cache': 'MISS',
415 silly registry.get     'x-cache-hits': '0',
415 silly registry.get     'x-timer': 'S1421351023.418891,VS0,VE829',
415 silly registry.get     vary: 'Accept',
415 silly registry.get     'content-length': '0',
415 silly registry.get     'keep-alive': 'timeout=10, max=47',
415 silly registry.get     connection: 'Keep-Alive' } ]
416 verbose etag https://registry.npmjs.org/nib from cache
417 verbose addNamed [ 'nib', '1.0.4' ]
418 verbose addNamed [ '1.0.4', '1.0.4' ]
419 silly lockFile 2ad8dc96-nib-1-0-4 nib@1.0.4
420 verbose lock nib@1.0.4 C:\Users\Nicolas\AppData\Roaming\npm-cache\2ad8dc96-nib-1-0-4.lock
421 silly lockFile 2ad8dc96-nib-1-0-4 nib@1.0.4
422 silly lockFile 2ad8dc96-nib-1-0-4 nib@1.0.4
423 silly lockFile de21287c-nib-latest nib@latest
424 silly lockFile de21287c-nib-latest nib@latest
425 info already installed nib@1.0.4
426 http 304 https://registry.npmjs.org/mongoskin
427 silly registry.get cb [ 304,
427 silly registry.get   { date: 'Thu, 15 Jan 2015 19:43:43 GMT',
427 silly registry.get     server: 'Apache',
427 silly registry.get     via: '1.1 varnish',
427 silly registry.get     'last-modified': 'Thu, 15 Jan 2015 19:43:44 GMT',
427 silly registry.get     'cache-control': 'max-age=60',
427 silly registry.get     etag: '"DQVVMMGQH971DYTYTSU5VJ6YQ"',
427 silly registry.get     age: '0',
427 silly registry.get     'x-served-by': 'cache-ams4126-AMS',
427 silly registry.get     'x-cache': 'MISS',
427 silly registry.get     'x-cache-hits': '0',
427 silly registry.get     'x-timer': 'S1421351023.679431,VS0,VE649',
427 silly registry.get     vary: 'Accept',
427 silly registry.get     'content-length': '0',
427 silly registry.get     'keep-alive': 'timeout=10, max=48',
427 silly registry.get     connection: 'Keep-Alive' } ]
428 verbose etag https://registry.npmjs.org/mongoskin from cache
429 verbose addNamed [ 'mongoskin', '1.4.11' ]
430 verbose addNamed [ '1.4.11', '1.4.11' ]
431 silly lockFile cb358a0f-mongoskin-1-4-11 mongoskin@1.4.11
432 verbose lock mongoskin@1.4.11 C:\Users\Nicolas\AppData\Roaming\npm-cache\cb358a0f-mongoskin-1-4-11.lock
433 silly lockFile cb358a0f-mongoskin-1-4-11 mongoskin@1.4.11
434 silly lockFile cb358a0f-mongoskin-1-4-11 mongoskin@1.4.11
435 silly lockFile 2c5fce5e-mongoskin-latest mongoskin@latest
436 silly lockFile 2c5fce5e-mongoskin-latest mongoskin@latest
437 info already installed mongoskin@1.4.11
438 error 404 404 Not Found: bootstrap-material-design
438 error 404
438 error 404 'bootstrap-material-design' is not in the npm registry.
438 error 404 You should bug the author to publish it
438 error 404 It was specified as a dependency of 'Marssenger'
438 error 404
438 error 404 Note that you can also install from a
438 error 404 tarball, folder, or http url, or git url.
439 error System Windows_NT 6.2.9200
440 error command "C:\\Program Files\\nodejs\\\\node.exe" "C:\\Program Files\\nodejs\\node_modules\\npm\\bin\\npm-cli.js" "install"
441 error cwd C:\Users\Nicolas\Desktop\MarssengerServer\Server
442 error node -v v0.10.33
443 error npm -v 1.4.28
444 error code E404
445 verbose exit [ 1, true ]
